# JRE version: Java(TM) SE Runtime Environment (8.0_74-b02) (build 1.8.0_74-b02)
# Java VM: Java HotSpot(TM) 64-Bit Server VM (25.74-b02 mixed mode linux-amd64 compressed oops)
Heap:
 par new generation   total 78656K, used 29689K [0x00000000b0000000, 0x00000000b5550000, 0x00000000c4cc0000)
  eden space 69952K,  38% used [0x00000000b0000000, 0x00000000b1a2a060, 0x00000000b4450000)
  from space 8704K,  33% used [0x00000000b4cd0000, 0x00000000b4fa4710, 0x00000000b5550000)
  to   space 8704K,   0% used [0x00000000b4450000, 0x00000000b4450000, 0x00000000b4cd0000)
 concurrent mark-sweep generation total 232676K, used 184080K [0x00000000c4cc0000, 0x00000000d2ff9000, 0x0000000100000000)
 Metaspace       used 185387K, capacity 188612K, committed 189176K, reserved 1210368K
  class space    used 26766K, capacity 27589K, committed 27696K, reserved 1048576K
GC Heap History (10 events):
Event: 4765.253 GC heap before
{Heap before GC invocations=98 (full 6):
 par new generation   total 78656K, used 74354K [0x00000000b0000000, 0x00000000b5550000, 0x00000000c4cc0000)
  eden space 69952K, 100% used [0x00000000b0000000, 0x00000000b4450000, 0x00000000b4450000)
  from space 8704K,  50% used [0x00000000b4450000, 0x00000000b489c9d0, 0x00000000b4cd0000)
  to   space 8704K,   0% used [0x00000000b4cd0000, 0x00000000b4cd0000, 0x00000000b5550000)
 concurrent mark-sweep generation total 232676K, used 183069K [0x00000000c4cc0000, 0x00000000d2ff9000, 0x0000000100000000)
 Metaspace       used 183381K, capacity 186646K, committed 187256K, reserved 1208320K
  class space    used 26527K, capacity 27352K, committed 27568K, reserved 1048576K
Event: 4765.262 GC heap after
Heap after GC invocations=99 (full 6):
 par new generation   total 78656K, used 5415K [0x00000000b0000000, 0x00000000b5550000, 0x00000000c4cc0000)
  eden space 69952K,   0% used [0x00000000b0000000, 0x00000000b0000000, 0x00000000b4450000)
  from space 8704K,  62% used [0x00000000b4cd0000, 0x00000000b5219f00, 0x00000000b5550000)
  to   space 8704K,   0% used [0x00000000b4450000, 0x00000000b4450000, 0x00000000b4cd0000)
 concurrent mark-sweep generation total 232676K, used 183069K [0x00000000c4cc0000, 0x00000000d2ff9000, 0x0000000100000000)
 Metaspace       used 183381K, capacity 186646K, committed 187256K, reserved 1208320K
  class space    used 26527K, capacity 27352K, committed 27568K, reserved 1048576K
}
Event: 4970.454 GC heap before
{Heap before GC invocations=99 (full 6):
 par new generation   total 78656K, used 75367K [0x00000000b0000000, 0x00000000b5550000, 0x00000000c4cc0000)
  eden space 69952K, 100% used [0x00000000b0000000, 0x00000000b4450000, 0x00000000b4450000)
  from space 8704K,  62% used [0x00000000b4cd0000, 0x00000000b5219f00, 0x00000000b5550000)
  to   space 8704K,   0% used [0x00000000b4450000, 0x00000000b4450000, 0x00000000b4cd0000)
 concurrent mark-sweep generation total 232676K, used 183069K [0x00000000c4cc0000, 0x00000000d2ff9000, 0x0000000100000000)
 Metaspace       used 183396K, capacity 186646K, committed 187256K, reserved 1208320K
  class space    used 26527K, capacity 27352K, committed 27568K, reserved 1048576K
Event: 4970.467 GC heap after
Heap after GC invocations=100 (full 6):
 par new generation   total 78656K, used 4573K [0x00000000b0000000, 0x00000000b5550000, 0x00000000c4cc0000)
  eden space 69952K,   0% used [0x00000000b0000000, 0x00000000b0000000, 0x00000000b4450000)
  from space 8704K,  52% used [0x00000000b4450000, 0x00000000b48c74a0, 0x00000000b4cd0000)
  to   space 8704K,   0% used [0x00000000b4cd0000, 0x00000000b4cd0000, 0x00000000b5550000)
 concurrent mark-sweep generation total 232676K, used 184080K [0x00000000c4cc0000, 0x00000000d2ff9000, 0x0000000100000000)
 Metaspace       used 183396K, capacity 186646K, committed 187256K, reserved 1208320K
  class space    used 26527K, capacity 27352K, committed 27568K, reserved 1048576K
}
Event: 5127.954 GC heap before
{Heap before GC invocations=100 (full 6):
 par new generation   total 78656K, used 74525K [0x00000000b0000000, 0x00000000b5550000, 0x00000000c4cc0000)
  eden space 69952K, 100% used [0x00000000b0000000, 0x00000000b4450000, 0x00000000b4450000)
  from space 8704K,  52% used [0x00000000b4450000, 0x00000000b48c74a0, 0x00000000b4cd0000)
  to   space 8704K,   0% used [0x00000000b4cd0000, 0x00000000b4cd0000, 0x00000000b5550000)
 concurrent mark-sweep generation total 232676K, used 184080K [0x00000000c4cc0000, 0x00000000d2ff9000, 0x0000000100000000)
 Metaspace       used 183634K, capacity 186870K, committed 187512K, reserved 1210368K
  class space    used 26549K, capacity 27384K, committed 27568K, reserved 1048576K
Event: 5127.961 GC heap after
Heap after GC invocations=101 (full 6):
 par new generation   total 78656K, used 4187K [0x00000000b0000000, 0x00000000b5550000, 0x00000000c4cc0000)
  eden space 69952K,   0% used [0x00000000b0000000, 0x00000000b0000000, 0x00000000b4450000)
  from space 8704K,  48% used [0x00000000b4cd0000, 0x00000000b50e6cc0, 0x00000000b5550000)
  to   space 8704K,   0% used [0x00000000b4450000, 0x00000000b4450000, 0x00000000b4cd0000)
 concurrent mark-sweep generation total 232676K, used 184080K [0x00000000c4cc0000, 0x00000000d2ff9000, 0x0000000100000000)
 Metaspace       used 183634K, capacity 186870K, committed 187512K, reserved 1210368K
  class space    used 26549K, capacity 27384K, committed 27568K, reserved 1048576K
}
Event: 5344.382 GC heap before
{Heap before GC invocations=101 (full 6):
 par new generation   total 78656K, used 74139K [0x00000000b0000000, 0x00000000b5550000, 0x00000000c4cc0000)
  eden space 69952K,  99% used [0x00000000b0000000, 0x00000000b444ffe0, 0x00000000b4450000)
  from space 8704K,  48% used [0x00000000b4cd0000, 0x00000000b50e6cc0, 0x00000000b5550000)
  to   space 8704K,   0% used [0x00000000b4450000, 0x00000000b4450000, 0x00000000b4cd0000)
 concurrent mark-sweep generation total 232676K, used 184080K [0x00000000c4cc0000, 0x00000000d2ff9000, 0x0000000100000000)
 Metaspace       used 185368K, capacity 188612K, committed 189176K, reserved 1210368K
  class space    used 26764K, capacity 27589K, committed 27696K, reserved 1048576K
Event: 5344.389 GC heap after
Heap after GC invocations=102 (full 6):
 par new generation   total 78656K, used 4973K [0x00000000b0000000, 0x00000000b5550000, 0x00000000c4cc0000)
  eden space 69952K,   0% used [0x00000000b0000000, 0x00000000b0000000, 0x00000000b4450000)
  from space 8704K,  57% used [0x00000000b4450000, 0x00000000b492b630, 0x00000000b4cd0000)
  to   space 8704K,   0% used [0x00000000b4cd0000, 0x00000000b4cd0000, 0x00000000b5550000)
 concurrent mark-sweep generation total 232676K, used 184080K [0x00000000c4cc0000, 0x00000000d2ff9000, 0x0000000100000000)
 Metaspace       used 185368K, capacity 188612K, committed 189176K, reserved 1210368K
  class space    used 26764K, capacity 27589K, committed 27696K, reserved 1048576K
}
Event: 5695.526 GC heap before
{Heap before GC invocations=102 (full 6):
 par new generation   total 78656K, used 74925K [0x00000000b0000000, 0x00000000b5550000, 0x00000000c4cc0000)
  eden space 69952K, 100% used [0x00000000b0000000, 0x00000000b4450000, 0x00000000b4450000)
  from space 8704K,  57% used [0x00000000b4450000, 0x00000000b492b630, 0x00000000b4cd0000)
  to   space 8704K,   0% used [0x00000000b4cd0000, 0x00000000b4cd0000, 0x00000000b5550000)
 concurrent mark-sweep generation total 232676K, used 184080K [0x00000000c4cc0000, 0x00000000d2ff9000, 0x0000000100000000)
 Metaspace       used 185368K, capacity 188612K, committed 189176K, reserved 1210368K
  class space    used 26764K, capacity 27589K, committed 27696K, reserved 1048576K
Event: 5695.532 GC heap after
Heap after GC invocations=103 (full 6):
 par new generation   total 78656K, used 2897K [0x00000000b0000000, 0x00000000b5550000, 0x00000000c4cc0000)
  eden space 69952K,   0% used [0x00000000b0000000, 0x00000000b0000000, 0x00000000b4450000)
  from space 8704K,  33% used [0x00000000b4cd0000, 0x00000000b4fa4710, 0x00000000b5550000)
  to   space 8704K,   0% used [0x00000000b4450000, 0x00000000b4450000, 0x00000000b4cd0000)
 concurrent mark-sweep generation total 232676K, used 184080K [0x00000000c4cc0000, 0x00000000d2ff9000, 0x0000000100000000)
 Metaspace       used 185368K, capacity 188612K, committed 189176K, reserved 1210368K
  class space    used 26764K, capacity 27589K, committed 27696K, reserved 1048576K
}

